<?xml version="1.0" encoding="UTF-8"?>
<testsuite xmlns:xsi="http://www.w3.org/2001/XMLSchema-instance" xsi:noNamespaceSchemaLocation="https://maven.apache.org/surefire/maven-surefire-plugin/xsd/surefire-test-report-3.0.xsd" version="3.0" name="com.Project.SpringBoot.TODO.TodoApplicationTests" time="11.23" tests="1" errors="0" skipped="0" failures="0">
  <properties>
[...]
</properties>
  <testcase name="contextLoads" classname="com.Project.SpringBoot.TODO.TodoApplicationTests" time="1.01">
    <system-out><![CDATA[05:39:20.078 [main] INFO org.springframework.test.context.support.AnnotationConfigContextLoaderUtils -- Could not detect default configuration classes for test class [com.Project.SpringBoot.TODO.TodoApplicationTests]: TodoApplicationTests does not declare any static, non-private, non-final, nested classes annotated with @Configuration.
05:39:20.268 [main] INFO org.springframework.boot.test.context.SpringBootTestContextBootstrapper -- Found @SpringBootConfiguration com.Project.SpringBoot.TODO.TodoApplication for test class com.Project.SpringBoot.TODO.TodoApplicationTests
05:39:20.591 [main] INFO org.springframework.boot.devtools.restart.RestartApplicationListener -- Restart disabled due to context in which it is running

  .   ____          _            __ _ _
 /\\ / ___'_ __ _ _(_)_ __  __ _ \ \ \ \
( ( )\___ | '_ | '_| | '_ \/ _` | \ \ \ \
 \\/  ___)| |_)| | | | | || (_| |  ) ) ) )
  '  |____| .__|_| |_|_| |_\__, | / / / /
 =========|_|==============|___/=/_/_/_/
 :: Spring Boot ::                (v3.1.5)

2024-10-22T05:39:21.133-05:00  INFO 30504 --- [           main] c.P.S.TODO.TodoApplicationTests          : Starting TodoApplicationTests using Java 17.0.7 with PID 30504 (started by hasin in C:\Users\hasin\Downloads\TODO\TODO)
2024-10-22T05:39:21.135-05:00 DEBUG 30504 --- [           main] c.P.S.TODO.TodoApplicationTests          : Running with Spring Boot v3.1.5, Spring v6.0.13
2024-10-22T05:39:21.137-05:00  INFO 30504 --- [           main] c.P.S.TODO.TodoApplicationTests          : No active profile set, falling back to 1 default profile: "default"
2024-10-22T05:39:22.629-05:00  INFO 30504 --- [           main] .s.d.r.c.RepositoryConfigurationDelegate : Bootstrapping Spring Data JPA repositories in DEFAULT mode.
2024-10-22T05:39:22.722-05:00  INFO 30504 --- [           main] .s.d.r.c.RepositoryConfigurationDelegate : Finished Spring Data repository scanning in 78 ms. Found 1 JPA repository interfaces.
2024-10-22T05:39:23.910-05:00  INFO 30504 --- [           main] o.hibernate.jpa.internal.util.LogHelper  : HHH000204: Processing PersistenceUnitInfo [name: default]
2024-10-22T05:39:24.062-05:00  INFO 30504 --- [           main] org.hibernate.Version                    : HHH000412: Hibernate ORM core version 6.2.13.Final
2024-10-22T05:39:24.074-05:00  INFO 30504 --- [           main] org.hibernate.cfg.Environment            : HHH000406: Using bytecode reflection optimizer
2024-10-22T05:39:24.843-05:00  INFO 30504 --- [           main] o.s.o.j.p.SpringPersistenceUnitInfo      : No LoadTimeWeaver setup: ignoring JPA class transformer
2024-10-22T05:39:24.918-05:00  INFO 30504 --- [           main] com.zaxxer.hikari.HikariDataSource       : HikariPool-1 - Starting...
2024-10-22T05:39:25.708-05:00  INFO 30504 --- [           main] com.zaxxer.hikari.pool.HikariPool        : HikariPool-1 - Added connection com.mysql.cj.jdbc.ConnectionImpl@6c421123
2024-10-22T05:39:25.711-05:00  INFO 30504 --- [           main] com.zaxxer.hikari.HikariDataSource       : HikariPool-1 - Start completed.
2024-10-22T05:39:25.805-05:00  WARN 30504 --- [           main] org.hibernate.orm.deprecation            : HHH90000025: MySQL8Dialect does not need to be specified explicitly using 'hibernate.dialect' (remove the property setting and it will be selected by default)
2024-10-22T05:39:25.807-05:00  WARN 30504 --- [           main] org.hibernate.orm.deprecation            : HHH90000026: MySQL8Dialect has been deprecated; use org.hibernate.dialect.MySQLDialect instead
2024-10-22T05:39:27.476-05:00  INFO 30504 --- [           main] o.h.e.t.j.p.i.JtaPlatformInitiator       : HHH000489: No JTA platform available (set 'hibernate.transaction.jta.platform' to enable JTA platform integration)
2024-10-22T05:39:27.596-05:00  INFO 30504 --- [           main] j.LocalContainerEntityManagerFactoryBean : Initialized JPA EntityManagerFactory for persistence unit 'default'
2024-10-22T05:39:28.503-05:00  WARN 30504 --- [           main] JpaBaseConfiguration$JpaWebConfiguration : spring.jpa.open-in-view is enabled by default. Therefore, database queries may be performed during view rendering. Explicitly configure spring.jpa.open-in-view to disable this warning
2024-10-22T05:39:28.765-05:00  INFO 30504 --- [           main] o.s.s.web.DefaultSecurityFilterChain     : Will secure any request with [org.springframework.security.web.session.DisableEncodeUrlFilter@144792d5, org.springframework.security.web.context.request.async.WebAsyncManagerIntegrationFilter@1da61a29, org.springframework.security.web.context.SecurityContextHolderFilter@5d56c2d2, org.springframework.security.web.header.HeaderWriterFilter@2eb73a42, org.springframework.security.web.authentication.logout.LogoutFilter@1d6dc2b8, org.springframework.security.web.authentication.UsernamePasswordAuthenticationFilter@1fe37d27, org.springframework.security.web.authentication.ui.DefaultLoginPageGeneratingFilter@589a4305, org.springframework.security.web.authentication.ui.DefaultLogoutPageGeneratingFilter@47cf922d, org.springframework.security.web.savedrequest.RequestCacheAwareFilter@ebbbe20, org.springframework.security.web.servletapi.SecurityContextHolderAwareRequestFilter@7156f8cf, org.springframework.security.web.authentication.AnonymousAuthenticationFilter@6b64921f, org.springframework.security.web.access.ExceptionTranslationFilter@308d4981, org.springframework.security.web.access.intercept.AuthorizationFilter@3a720ae3]
2024-10-22T05:39:29.951-05:00  INFO 30504 --- [           main] c.P.S.TODO.TodoApplicationTests          : Started TodoApplicationTests in 9.394 seconds (process running for 11.212)
]]></system-out>
  </testcase>
</testsuite>